Unity Editor version:    2022.3.5f1 (9674261d40ee)
Branch:                  2022.3/release
Build type:              Release
Batch mode:              YES
macOS version:           Version 13.5 (Build 22G74)
Darwin version:          22.6.0
Architecture:            arm64
Running under Rosetta:   NO
Available memory:        16384 MB
Using pre-set license
Pro License: YES

COMMAND LINE ARGUMENTS:
/Applications/Unity/Hub/Editor/2022.3.5f1/Unity.app/Contents/MacOS/Unity
-adb2
-batchMode
-noUpm
-name
AssetImportWorker0
-projectPath
/Users/afzal/My project
-logFile
Logs/AssetImportWorker0.log
-srvPort
53259
Successfully changed project path to: /Users/afzal/My project
/Users/afzal/My project
[UnityMemory] Configuration Parameters - Can be set up in boot.config
    "memorysetup-bucket-allocator-granularity=16"
    "memorysetup-bucket-allocator-bucket-count=8"
    "memorysetup-bucket-allocator-block-size=33554432"
    "memorysetup-bucket-allocator-block-count=8"
    "memorysetup-main-allocator-block-size=16777216"
    "memorysetup-thread-allocator-block-size=16777216"
    "memorysetup-gfx-main-allocator-block-size=16777216"
    "memorysetup-gfx-thread-allocator-block-size=16777216"
    "memorysetup-cache-allocator-block-size=4194304"
    "memorysetup-typetree-allocator-block-size=2097152"
    "memorysetup-profiler-bucket-allocator-granularity=16"
    "memorysetup-profiler-bucket-allocator-bucket-count=8"
    "memorysetup-profiler-bucket-allocator-block-size=33554432"
    "memorysetup-profiler-bucket-allocator-block-count=8"
    "memorysetup-profiler-allocator-block-size=16777216"
    "memorysetup-profiler-editor-allocator-block-size=1048576"
    "memorysetup-temp-allocator-size-main=16777216"
    "memorysetup-job-temp-allocator-block-size=2097152"
    "memorysetup-job-temp-allocator-block-size-background=1048576"
    "memorysetup-job-temp-allocator-reduction-small-platforms=262144"
    "memorysetup-allocator-temp-initial-block-size-main=262144"
    "memorysetup-allocator-temp-initial-block-size-worker=262144"
    "memorysetup-temp-allocator-size-background-worker=32768"
    "memorysetup-temp-allocator-size-job-worker=262144"
    "memorysetup-temp-allocator-size-preload-manager=33554432"
    "memorysetup-temp-allocator-size-nav-mesh-worker=65536"
    "memorysetup-temp-allocator-size-audio-worker=65536"
    "memorysetup-temp-allocator-size-cloud-worker=32768"
    "memorysetup-temp-allocator-size-gi-baking-worker=262144"
    "memorysetup-temp-allocator-size-gfx=262144"
Player connection [8492064896] Host "[IP] 192.168.1.8 [Port] 0 [Flags] 2 [Guid] 2562836303 [EditorId] 2562836303 [Version] 1048832 [Id] OSXEditor(0,192.168.1.8) [Debug] 1 [PackageName] OSXEditor [ProjectName] Editor" joined multi-casting on [225.0.0.222:54997]...

Player connection [8492064896] Host "[IP] 192.168.1.8 [Port] 0 [Flags] 2 [Guid] 2562836303 [EditorId] 2562836303 [Version] 1048832 [Id] OSXEditor(0,192.168.1.8) [Debug] 1 [PackageName] OSXEditor [ProjectName] Editor" joined alternative multi-casting on [225.0.0.222:34997]...

Refreshing native plugins compatible for Editor in 15.32 ms, found 2 plugins.
Preloading 0 native plugins for Editor in 0.00 ms.
Initialize engine version: 2022.3.5f1 (9674261d40ee)
[Subsystems] Discovering subsystems at path /Applications/Unity/Hub/Editor/2022.3.5f1/Unity.app/Contents/Resources/UnitySubsystems
[Subsystems] Discovering subsystems at path /Users/afzal/My project/Assets
GfxDevice: creating device client; threaded=0; jobified=0
 preferred device: Apple M1 (high power)
Metal devices available: 1
0: Apple M1 (high power)
Using device Apple M1 (high power)
Initializing Metal device caps: Apple M1
Initialize mono
Mono path[0] = '/Applications/Unity/Hub/Editor/2022.3.5f1/Unity.app/Contents/Managed'
Mono path[1] = '/Applications/Unity/Hub/Editor/2022.3.5f1/Unity.app/Contents/MonoBleedingEdge/lib/mono/unityjit-macos'
Mono config path = '/Applications/Unity/Hub/Editor/2022.3.5f1/Unity.app/Contents/MonoBleedingEdge/etc'
Using monoOptions --debugger-agent=transport=dt_socket,embedding=1,server=y,suspend=n,address=127.0.0.1:56288
Begin MonoManager ReloadAssembly
Registering precompiled unity dll's ...
Register platform support module: /Applications/Unity/Hub/Editor/2022.3.5f1/Unity.app/Contents/PlaybackEngines/MacStandaloneSupport/UnityEditor.OSXStandalone.Extensions.dll
Register platform support module: /Applications/Unity/Hub/Editor/2022.3.5f1/PlaybackEngines/iOSSupport/UnityEditor.iOS.Extensions.dll
Register platform support module: /Applications/Unity/Hub/Editor/2022.3.5f1/PlaybackEngines/VisionOSPlayer/UnityEditor.VisionOS.Extensions.dll
Registered in 0.003914 seconds.
- Loaded All Assemblies, in  0.237 seconds
[usbmuxd] Start listen thread
[usbmuxd] Listen thread started
[usbmuxd] Send listen message
Native extension for VisionOS target not found
2023-08-02 16:22:28.131 Unity[38288:411051] [XcodeApplications] Failed to read NSDictionary from path /Users/afzal/Downloads/Xcode-beta.app/Contents/Info.plist
objc[38288]: Class XcodeScriptingDelegate is implemented in both /Applications/Unity/Hub/Editor/2022.3.5f1/PlaybackEngines/VisionOSPlayer/arm64/UnityEditor.VisionOS.Native.dylib (0x14e3e05d8) and /Applications/Unity/Hub/Editor/2022.3.5f1/PlaybackEngines/iOSSupport/arm64/UnityEditor.iOS.Native.dylib (0x14e8a85d8). One of the two will be used. Which one is undefined.
[usbmuxd] Start listen thread
[usbmuxd] Listen thread started
[usbmuxd] Send listen message
Native extension for iOS target not found
2023-08-02 16:22:28.142 Unity[38288:411051] [XcodeApplications] Failed to read NSDictionary from path /Users/afzal/Downloads/Xcode-beta.app/Contents/Info.plist
Native extension for OSXStandalone target not found
Mono: successfully reloaded assembly
- Finished resetting the current domain, in  0.211 seconds
Domain Reload Profiling: 448ms
	BeginReloadAssembly (70ms)
		ExecutionOrderSort (0ms)
		DisableScriptedObjects (0ms)
		BackupInstance (0ms)
		ReleaseScriptingObjects (0ms)
		CreateAndSetChildDomain (0ms)
	RebuildCommonClasses (23ms)
	RebuildNativeTypeToScriptingClass (8ms)
	initialDomainReloadingComplete (34ms)
	LoadAllAssembliesAndSetupDomain (101ms)
		LoadAssemblies (71ms)
		RebuildTransferFunctionScriptingTraits (0ms)
		AnalyzeDomain (98ms)
			TypeCache.Refresh (98ms)
				TypeCache.ScanAssembly (87ms)
			ScanForSourceGeneratedMonoScriptInfo (0ms)
			ResolveRequiredComponents (0ms)
	FinalizeReload (211ms)
		ReleaseScriptCaches (0ms)
		RebuildScriptCaches (0ms)
		SetupLoadedEditorAssemblies (173ms)
			LogAssemblyErrors (0ms)
			InitializePlatformSupportModulesInManaged (68ms)
			SetLoadedEditorAssemblies (4ms)
			RefreshPlugins (0ms)
			BeforeProcessingInitializeOnLoad (1ms)
			ProcessInitializeOnLoadAttributes (74ms)
			ProcessInitializeOnLoadMethodAttributes (26ms)
			AfterProcessingInitializeOnLoad (0ms)
			EditorAssembliesLoaded (0ms)
		ExecutionOrderSort2 (0ms)
		AwakeInstancesAfterBackupRestoration (0ms)
========================================================================
Worker process is ready to serve import requests
Begin MonoManager ReloadAssembly
Symbol file LoadedFromMemory doesn't match image /Users/afzal/My project/Library/PackageCache/com.unity.visualscripting@1.8.0/Editor/VisualScripting.Core/Dependencies/YamlDotNet/Unity.VisualScripting.YamlDotNet.dll
Symbol file LoadedFromMemory doesn't match image /Users/afzal/My project/Library/PackageCache/com.unity.visualscripting@1.8.0/Editor/VisualScripting.Core/Dependencies/DotNetZip/Unity.VisualScripting.IonicZip.dll
- Loaded All Assemblies, in  0.475 seconds
Refreshing native plugins compatible for Editor in 1.44 ms, found 2 plugins.
Native extension for VisionOS target not found
2023-08-02 16:22:29.512 Unity[38288:411051] [XcodeApplications] Failed to read NSDictionary from path /Users/afzal/Downloads/Xcode-beta.app/Contents/Info.plist
Native extension for iOS target not found
2023-08-02 16:22:29.519 Unity[38288:411051] [XcodeApplications] Failed to read NSDictionary from path /Users/afzal/Downloads/Xcode-beta.app/Contents/Info.plist
Native extension for OSXStandalone target not found
Mono: successfully reloaded assembly
- Finished resetting the current domain, in  0.333 seconds
Domain Reload Profiling: 808ms
	BeginReloadAssembly (96ms)
		ExecutionOrderSort (0ms)
		DisableScriptedObjects (3ms)
		BackupInstance (0ms)
		ReleaseScriptingObjects (0ms)
		CreateAndSetChildDomain (36ms)
	RebuildCommonClasses (23ms)
	RebuildNativeTypeToScriptingClass (8ms)
	initialDomainReloadingComplete (22ms)
	LoadAllAssembliesAndSetupDomain (326ms)
		LoadAssemblies (168ms)
		RebuildTransferFunctionScriptingTraits (0ms)
		AnalyzeDomain (191ms)
			TypeCache.Refresh (182ms)
				TypeCache.ScanAssembly (174ms)
			ScanForSourceGeneratedMonoScriptInfo (7ms)
			ResolveRequiredComponents (2ms)
	FinalizeReload (333ms)
		ReleaseScriptCaches (0ms)
		RebuildScriptCaches (0ms)
		SetupLoadedEditorAssemblies (239ms)
			LogAssemblyErrors (0ms)
			InitializePlatformSupportModulesInManaged (17ms)
			SetLoadedEditorAssemblies (3ms)
			RefreshPlugins (0ms)
			BeforeProcessingInitializeOnLoad (42ms)
			ProcessInitializeOnLoadAttributes (165ms)
			ProcessInitializeOnLoadMethodAttributes (11ms)
			AfterProcessingInitializeOnLoad (1ms)
			EditorAssembliesLoaded (0ms)
		ExecutionOrderSort2 (0ms)
		AwakeInstancesAfterBackupRestoration (2ms)
Launching external process: /Applications/Unity/Hub/Editor/2022.3.5f1/Unity.app/Contents/Tools/UnityShaderCompiler
Launched and connected shader compiler UnityShaderCompiler after 0.07 seconds
Refreshing native plugins compatible for Editor in 0.65 ms, found 2 plugins.
Preloading 0 native plugins for Editor in 0.00 ms.
Unloading 3067 Unused Serialized files (Serialized files now loaded: 0)
Unloading 31 unused Assets / (50.5 KB). Loaded Objects now: 3531.
Memory consumption went from 121.1 MB to 121.1 MB.
Total: 19.185375 ms (FindLiveObjects: 0.117583 ms CreateObjectMapping: 0.042000 ms MarkObjects: 18.933958 ms  DeleteObjects: 0.091291 ms)

AssetImportParameters requested are different than current active one (requested -> active):
  custom:container-demuxer-ogg: 62fdf1f143b41e24485cea50d1cbac27 -> 
  custom:video-decoder-ogg-theora: a1e56fd34408186e4bbccfd4996cb3dc -> 
  custom:CustomObjectIndexerAttribute: 756ad292c208cfabdd7b50bc23989ffe -> 
  custom:container-demuxer-webm: 4f35f7cbe854078d1ac9338744f61a02 -> 
  custom:container-muxer-webm: aa71ff27fc2769a1b78a27578f13a17b -> 
  custom:video-decoder-webm-vp8: 9c59270c3fd7afecdb556c50c9e8de78 -> 
  custom:AudioImporter_EditorPlatform: 3918e3fc78b5a79bad01e8451be0beb8 -> 
  custom:framework-osx-AVFoundation: e770b220cccbd017edd2c1fefb359320 -> 
  custom:video-encoder-webm-vp8: eb34c28f22e8b96e1ab97ce403110664 -> 
  custom:audio-decoder-ogg-vorbis: bf7c407c2cedff20999df2af8eb42d56 -> 
  custom:audio-encoder-webm-vorbis: bf7c407c2cedff20999df2af8eb42d56 -> 
========================================================================
Received Import Request.
  Time since last request: 22871.302780 seconds.
  path: Assets/Tv_furniture/Mod/TV_furniture.FBX
  artifactKey: Guid(0190f3f0bd258714eb26512c8b481e81) Importer(815301076,1909f56bfc062723c751e8b465ee728b)
Start importing Assets/Tv_furniture/Mod/TV_furniture.FBX using Guid(0190f3f0bd258714eb26512c8b481e81) Importer(815301076,1909f56bfc062723c751e8b465ee728b)  -> (artifact id: '2994b5c8982233512dd464e2a903fa78') in 0.843632 seconds
Number of updated asset objects reloaded before import = 0
Number of asset objects unloaded after import = 11
========================================================================
Received Import Request.
  Time since last request: 1.471667 seconds.
  path: Assets/Tv_furniture/Mod/Materials/skybox_procedural.mat
  artifactKey: Guid(0e589929e46602943b0e4b58382255c2) Importer(815301076,1909f56bfc062723c751e8b465ee728b)
Start importing Assets/Tv_furniture/Mod/Materials/skybox_procedural.mat using Guid(0e589929e46602943b0e4b58382255c2) Importer(815301076,1909f56bfc062723c751e8b465ee728b)  -> (artifact id: '5fa10f556d989288fa9dc7a1102a9701') in 0.145872 seconds
Number of updated asset objects reloaded before import = 0
Number of asset objects unloaded after import = 1
========================================================================
Received Import Request.
  Time since last request: 1.656295 seconds.
  path: Assets/Tv_furniture/Prefabs/Sun.prefab
  artifactKey: Guid(272e57789dfa59248814e7424ea81fa7) Importer(815301076,1909f56bfc062723c751e8b465ee728b)
Start importing Assets/Tv_furniture/Prefabs/Sun.prefab using Guid(272e57789dfa59248814e7424ea81fa7) Importer(815301076,1909f56bfc062723c751e8b465ee728b)  -> (artifact id: '3c64a03d072e2d26c466005ed3a475f8') in 0.003083 seconds
Number of updated asset objects reloaded before import = 0
Number of asset objects unloaded after import = 5
========================================================================
Received Import Request.
  Time since last request: 7.188835 seconds.
  path: Assets/Tv_furniture/Textures/TV_furniture_AO.tga
  artifactKey: Guid(5d9150fe7348b4741a5d9614e8adbb4f) Importer(815301076,1909f56bfc062723c751e8b465ee728b)
Start importing Assets/Tv_furniture/Textures/TV_furniture_AO.tga using Guid(5d9150fe7348b4741a5d9614e8adbb4f) Importer(815301076,1909f56bfc062723c751e8b465ee728b)  -> (artifact id: '39523b241e83843e3ee45d4b0049c2bb') in 0.025166 seconds
Number of updated asset objects reloaded before import = 0
Number of asset objects unloaded after import = 2
========================================================================
Received Import Request.
  Time since last request: 330.927493 seconds.
  path: Assets/Assets_TVs/demo.unity
  artifactKey: Guid(7e65c985808cb834ba0fd29e32c9d53f) Importer(815301076,1909f56bfc062723c751e8b465ee728b)
Start importing Assets/Assets_TVs/demo.unity using Guid(7e65c985808cb834ba0fd29e32c9d53f) Importer(815301076,1909f56bfc062723c751e8b465ee728b)  -> (artifact id: '71797854553b63a599c6458498a23b8f') in 0.001407 seconds
Number of updated asset objects reloaded before import = 0
Number of asset objects unloaded after import = 0
========================================================================
Received Prepare
Begin MonoManager ReloadAssembly
Thread 0x178fcb000 may have been prematurely finalized
Symbol file LoadedFromMemory doesn't match image /Users/afzal/My project/Library/PackageCache/com.unity.visualscripting@1.8.0/Editor/VisualScripting.Core/Dependencies/YamlDotNet/Unity.VisualScripting.YamlDotNet.dll
Symbol file LoadedFromMemory doesn't match image /Users/afzal/My project/Library/PackageCache/com.unity.visualscripting@1.8.0/Editor/VisualScripting.Core/Dependencies/DotNetZip/Unity.VisualScripting.IonicZip.dll
- Loaded All Assemblies, in  0.492 seconds
Refreshing native plugins compatible for Editor in 0.78 ms, found 2 plugins.
Native extension for VisionOS target not found
2023-08-02 16:31:00.145 Unity[38288:411051] [XcodeApplications] Failed to read NSDictionary from path /Users/afzal/Downloads/Xcode-beta.app/Contents/Info.plist
Native extension for iOS target not found
2023-08-02 16:31:00.154 Unity[38288:411051] [XcodeApplications] Failed to read NSDictionary from path /Users/afzal/Downloads/Xcode-beta.app/Contents/Info.plist
Native extension for OSXStandalone target not found
Mono: successfully reloaded assembly
- Finished resetting the current domain, in  0.595 seconds
Domain Reload Profiling: 1087ms
	BeginReloadAssembly (104ms)
		ExecutionOrderSort (0ms)
		DisableScriptedObjects (3ms)
		BackupInstance (0ms)
		ReleaseScriptingObjects (0ms)
		CreateAndSetChildDomain (43ms)
	RebuildCommonClasses (23ms)
	RebuildNativeTypeToScriptingClass (8ms)
	initialDomainReloadingComplete (21ms)
	LoadAllAssembliesAndSetupDomain (336ms)
		LoadAssemblies (169ms)
		RebuildTransferFunctionScriptingTraits (0ms)
		AnalyzeDomain (198ms)
			TypeCache.Refresh (195ms)
				TypeCache.ScanAssembly (179ms)
			ScanForSourceGeneratedMonoScriptInfo (0ms)
			ResolveRequiredComponents (3ms)
	FinalizeReload (596ms)
		ReleaseScriptCaches (0ms)
		RebuildScriptCaches (0ms)
		SetupLoadedEditorAssemblies (229ms)
			LogAssemblyErrors (0ms)
			InitializePlatformSupportModulesInManaged (21ms)
			SetLoadedEditorAssemblies (3ms)
			RefreshPlugins (0ms)
			BeforeProcessingInitializeOnLoad (35ms)
			ProcessInitializeOnLoadAttributes (157ms)
			ProcessInitializeOnLoadMethodAttributes (12ms)
			AfterProcessingInitializeOnLoad (1ms)
			EditorAssembliesLoaded (0ms)
		ExecutionOrderSort2 (0ms)
		AwakeInstancesAfterBackupRestoration (2ms)
Refreshing native plugins compatible for Editor in 0.80 ms, found 2 plugins.
Preloading 0 native plugins for Editor in 0.00 ms.
Unloading 3059 Unused Serialized files (Serialized files now loaded: 0)
Unloading 22 unused Assets / (30.6 KB). Loaded Objects now: 3580.
Memory consumption went from 128.5 MB to 128.5 MB.
Total: 2.521834 ms (FindLiveObjects: 0.145542 ms CreateObjectMapping: 0.045750 ms MarkObjects: 2.277875 ms  DeleteObjects: 0.052125 ms)

Prepare: number of updated asset objects reloaded= 0
AssetImportParameters requested are different than current active one (requested -> active):
  custom:container-demuxer-ogg: 62fdf1f143b41e24485cea50d1cbac27 -> 
  custom:video-decoder-ogg-theora: a1e56fd34408186e4bbccfd4996cb3dc -> 
  custom:CustomObjectIndexerAttribute: 756ad292c208cfabdd7b50bc23989ffe -> 
  custom:container-demuxer-webm: 4f35f7cbe854078d1ac9338744f61a02 -> 
  custom:container-muxer-webm: aa71ff27fc2769a1b78a27578f13a17b -> 
  custom:video-decoder-webm-vp8: 9c59270c3fd7afecdb556c50c9e8de78 -> 
  custom:AudioImporter_EditorPlatform: 3918e3fc78b5a79bad01e8451be0beb8 -> 
  custom:framework-osx-AVFoundation: e770b220cccbd017edd2c1fefb359320 -> 
  custom:video-encoder-webm-vp8: eb34c28f22e8b96e1ab97ce403110664 -> 
  custom:audio-decoder-ogg-vorbis: bf7c407c2cedff20999df2af8eb42d56 -> 
  custom:audio-encoder-webm-vorbis: bf7c407c2cedff20999df2af8eb42d56 -> 
========================================================================
Received Import Request.
  Time since last request: 5207.846182 seconds.
  path: Assets/Assets_TVs/prefabs/CRT.prefab
  artifactKey: Guid(8477ba9e2b44c124da0b6249a8c9e671) Importer(815301076,1909f56bfc062723c751e8b465ee728b)
Start importing Assets/Assets_TVs/prefabs/CRT.prefab using Guid(8477ba9e2b44c124da0b6249a8c9e671) Importer(815301076,1909f56bfc062723c751e8b465ee728b)  -> (artifact id: 'fdabbcb03b2db33d34eecc8f4e63f0f0') in 0.459896 seconds
Number of updated asset objects reloaded before import = 0
Number of asset objects unloaded after import = 19
========================================================================
Received Import Request.
  Time since last request: 0.133667 seconds.
  path: Assets/Assets_TVs/screenshots/_large.jpg
  artifactKey: Guid(3d780803146954848bf3641c455fcb2a) Importer(815301076,1909f56bfc062723c751e8b465ee728b)
Start importing Assets/Assets_TVs/screenshots/_large.jpg using Guid(3d780803146954848bf3641c455fcb2a) Importer(815301076,1909f56bfc062723c751e8b465ee728b)  -> (artifact id: 'bc6c85874d07f48234cf5ee66c4158bc') in 0.013325 seconds
Number of updated asset objects reloaded before import = 0
Number of asset objects unloaded after import = 2
========================================================================
Received Import Request.
  Time since last request: 0.000049 seconds.
  path: Assets/Assets_TVs/screenshots/_small.jpg
  artifactKey: Guid(c461de5297061fa40baa54a90ec2e474) Importer(815301076,1909f56bfc062723c751e8b465ee728b)
Start importing Assets/Assets_TVs/screenshots/_small.jpg using Guid(c461de5297061fa40baa54a90ec2e474) Importer(815301076,1909f56bfc062723c751e8b465ee728b)  -> (artifact id: '1e1bfc9835a48d54cba7f52904b057fe') in 0.004782 seconds
Number of updated asset objects reloaded before import = 0
Number of asset objects unloaded after import = 2
========================================================================
Received Import Request.
  Time since last request: 0.000112 seconds.
  path: Assets/Assets_TVs/screenshots/_XLargeFacebook.jpg
  artifactKey: Guid(569ba0e3da5544e4e9f356264983c425) Importer(815301076,1909f56bfc062723c751e8b465ee728b)
Start importing Assets/Assets_TVs/screenshots/_XLargeFacebook.jpg using Guid(569ba0e3da5544e4e9f356264983c425) Importer(815301076,1909f56bfc062723c751e8b465ee728b)  -> (artifact id: '89a5aa5cf9763a4f561917586f3cfcc1') in 0.004441 seconds
Number of updated asset objects reloaded before import = 0
Number of asset objects unloaded after import = 2
========================================================================
Received Import Request.
  Time since last request: 0.000063 seconds.
  path: Assets/Assets_TVs/screenshots/Unity_2016-10-04_14-49-38.jpg
  artifactKey: Guid(18c686e97016e0048b2bf89f8ede4879) Importer(815301076,1909f56bfc062723c751e8b465ee728b)
Start importing Assets/Assets_TVs/screenshots/Unity_2016-10-04_14-49-38.jpg using Guid(18c686e97016e0048b2bf89f8ede4879) Importer(815301076,1909f56bfc062723c751e8b465ee728b)  -> (artifact id: 'a10ab2489f98dafb2fb14f8bc4f12029') in 0.004349 seconds
Number of updated asset objects reloaded before import = 0
Number of asset objects unloaded after import = 2
========================================================================
Received Import Request.
  Time since last request: 0.000147 seconds.
  path: Assets/Assets_TVs/screenshots/Unity_2016-10-04_14-49-45.jpg
  artifactKey: Guid(3c48e3ab6193a04458ddfe4e3b6deb09) Importer(815301076,1909f56bfc062723c751e8b465ee728b)
Start importing Assets/Assets_TVs/screenshots/Unity_2016-10-04_14-49-45.jpg using Guid(3c48e3ab6193a04458ddfe4e3b6deb09) Importer(815301076,1909f56bfc062723c751e8b465ee728b)  -> (artifact id: '9ea3527eeecedfc3443040636762b2ce') in 0.003928 seconds
Number of updated asset objects reloaded before import = 0
Number of asset objects unloaded after import = 2
========================================================================
Received Import Request.
  Time since last request: 0.000064 seconds.
  path: Assets/Assets_TVs/screenshots/_medium.jpg
  artifactKey: Guid(c8806398746e61443b06327f4b73811a) Importer(815301076,1909f56bfc062723c751e8b465ee728b)
Start importing Assets/Assets_TVs/screenshots/_medium.jpg using Guid(c8806398746e61443b06327f4b73811a) Importer(815301076,1909f56bfc062723c751e8b465ee728b)  -> (artifact id: '89c851a7e2fb2fc8b773418e15d00b22') in 0.003219 seconds
Number of updated asset objects reloaded before import = 0
Number of asset objects unloaded after import = 2
========================================================================
Received Import Request.
  Time since last request: 0.000111 seconds.
  path: Assets/Assets_TVs/screenshots/Unity_2016-10-04_22-49-34.jpg
  artifactKey: Guid(4ada76fade0e3ae41903bcb58b40f715) Importer(815301076,1909f56bfc062723c751e8b465ee728b)
Start importing Assets/Assets_TVs/screenshots/Unity_2016-10-04_22-49-34.jpg using Guid(4ada76fade0e3ae41903bcb58b40f715) Importer(815301076,1909f56bfc062723c751e8b465ee728b)  -> (artifact id: '283333c58bbff9593e9fca16c4210d2f') in 0.004028 seconds
Number of updated asset objects reloaded before import = 0
Number of asset objects unloaded after import = 2
========================================================================
Received Import Request.
  Time since last request: 0.000109 seconds.
  path: Assets/Assets_TVs/screenshots/Unity_2016-10-04_14-50-47.jpg
  artifactKey: Guid(611106307a445b04dbae095fd6ed65fe) Importer(815301076,1909f56bfc062723c751e8b465ee728b)
Start importing Assets/Assets_TVs/screenshots/Unity_2016-10-04_14-50-47.jpg using Guid(611106307a445b04dbae095fd6ed65fe) Importer(815301076,1909f56bfc062723c751e8b465ee728b)  -> (artifact id: 'b2c5daa115d422873b774e2a19f167ac') in 0.004191 seconds
Number of updated asset objects reloaded before import = 0
Number of asset objects unloaded after import = 2
========================================================================
Received Import Request.
  Time since last request: 0.000097 seconds.
  path: Assets/Assets_TVs/screenshots/Unity_2016-10-04_22-50-27.jpg
  artifactKey: Guid(4d17f541ebbe23141ba6d08bce61f18f) Importer(815301076,1909f56bfc062723c751e8b465ee728b)
Start importing Assets/Assets_TVs/screenshots/Unity_2016-10-04_22-50-27.jpg using Guid(4d17f541ebbe23141ba6d08bce61f18f) Importer(815301076,1909f56bfc062723c751e8b465ee728b)  -> (artifact id: '5f343a7190ce0439fcef55ab1c443d77') in 0.004058 seconds
Number of updated asset objects reloaded before import = 0
Number of asset objects unloaded after import = 2
========================================================================
Received Import Request.
  Time since last request: 0.000097 seconds.
  path: Assets/Assets_TVs/screenshots/Unity_2016-10-04_14-49-30.jpg
  artifactKey: Guid(23099cf5c3c2b864d969e54b30dd99c2) Importer(815301076,1909f56bfc062723c751e8b465ee728b)
Start importing Assets/Assets_TVs/screenshots/Unity_2016-10-04_14-49-30.jpg using Guid(23099cf5c3c2b864d969e54b30dd99c2) Importer(815301076,1909f56bfc062723c751e8b465ee728b)  -> (artifact id: '71ce82334e2910a0ab49e924fb595a01') in 0.003826 seconds
Number of updated asset objects reloaded before import = 0
Number of asset objects unloaded after import = 2
========================================================================
Received Import Request.
  Time since last request: 0.000194 seconds.
  path: Assets/Assets_TVs/screenshots/Unity_2016-10-04_14-51-07.jpg
  artifactKey: Guid(223014b28fe316d4eaaa8e18173c82f2) Importer(815301076,1909f56bfc062723c751e8b465ee728b)
Start importing Assets/Assets_TVs/screenshots/Unity_2016-10-04_14-51-07.jpg using Guid(223014b28fe316d4eaaa8e18173c82f2) Importer(815301076,1909f56bfc062723c751e8b465ee728b)  -> (artifact id: 'a9cf8a502b913c4f06570cf61413edb4') in 0.005001 seconds
Number of updated asset objects reloaded before import = 0
Number of asset objects unloaded after import = 2
========================================================================
Received Import Request.
  Time since last request: 0.000088 seconds.
  path: Assets/Assets_TVs/screenshots/Unity_2016-10-04_22-49-39.jpg
  artifactKey: Guid(b5d84010405a5574d9a2abac3aff2dc5) Importer(815301076,1909f56bfc062723c751e8b465ee728b)
Start importing Assets/Assets_TVs/screenshots/Unity_2016-10-04_22-49-39.jpg using Guid(b5d84010405a5574d9a2abac3aff2dc5) Importer(815301076,1909f56bfc062723c751e8b465ee728b)  -> (artifact id: '592d0598085d06d10e02f2fbef86e5ce') in 0.004029 seconds
Number of updated asset objects reloaded before import = 0
Number of asset objects unloaded after import = 2
========================================================================
Received Import Request.
  Time since last request: 0.000124 seconds.
  path: Assets/Assets_TVs/screenshots/Unity_2016-10-04_14-50-25.jpg
  artifactKey: Guid(ea96e5fdc4f80b24a8341425d160059b) Importer(815301076,1909f56bfc062723c751e8b465ee728b)
Start importing Assets/Assets_TVs/screenshots/Unity_2016-10-04_14-50-25.jpg using Guid(ea96e5fdc4f80b24a8341425d160059b) Importer(815301076,1909f56bfc062723c751e8b465ee728b)  -> (artifact id: 'bed25d5de5510107f5004a9b95e99a7c') in 0.004633 seconds
Number of updated asset objects reloaded before import = 0
Number of asset objects unloaded after import = 2
========================================================================
Received Import Request.
  Time since last request: 0.000084 seconds.
  path: Assets/Assets_TVs/screenshots/Unity_2016-10-04_14-50-05.jpg
  artifactKey: Guid(73945368f2149324380c6b6f8b5c5a0b) Importer(815301076,1909f56bfc062723c751e8b465ee728b)
Start importing Assets/Assets_TVs/screenshots/Unity_2016-10-04_14-50-05.jpg using Guid(73945368f2149324380c6b6f8b5c5a0b) Importer(815301076,1909f56bfc062723c751e8b465ee728b)  -> (artifact id: 'd1819be9eb9427d82d2fb975c311cbcd') in 0.004338 seconds
Number of updated asset objects reloaded before import = 0
Number of asset objects unloaded after import = 2
